<?xml version="1.0" encoding="UTF-8"?>
<!-- Generated by org.testng.reporters.JUnitXMLReporter -->
<testsuite hostname="DESKTOP-8CBT80G" ignored="0" name="Test" tests="3" failures="0" timestamp="2021-10-22T12:45:36 IST" time="53.263" errors="0">
  <testcase name="titleCheck" time="0.457" classname="com.mindtree.runner.ELocalStoreApp"/>
  <testcase name="loginCheck" time="1.49" classname="com.mindtree.runner.ELocalStoreApp"/>
  <testcase name="bookCheckout" time="35.446" classname="com.mindtree.runner.ELocalStoreApp"/>
</testsuite> <!-- Test -->
