<?xml version="1.0" encoding="UTF-8"?>
<!-- Generated by org.testng.reporters.JUnitXMLReporter -->
<testsuite hostname="DESKTOP-8CBT80G" ignored="0" name="Test" tests="3" failures="0" timestamp="2021-10-22T12:56:09 IST" time="51.392" errors="0">
  <testcase name="titleCheck" time="0.512" classname="com.mindtree.runner.ELocalStoreApp"/>
  <testcase name="loginCheck" time="1.64" classname="com.mindtree.runner.ELocalStoreApp"/>
  <testcase name="bookCheckout" time="34.567" classname="com.mindtree.runner.ELocalStoreApp"/>
</testsuite> <!-- Test -->
