<?xml version="1.0" encoding="UTF-8"?>
<!-- Generated by org.testng.reporters.JUnitXMLReporter -->
<testsuite ignored="0" hostname="DESKTOP-8CBT80G" failures="0" tests="3" name="Default test" time="64.891" errors="0" timestamp="2021-10-22T10:52:11 IST">
  <testcase classname="com.mindtree.runner.ELocalStoreApp" name="titleCheck" time="0.378"/>
  <testcase classname="com.mindtree.runner.ELocalStoreApp" name="loginCheck" time="13.114"/>
  <testcase classname="com.mindtree.runner.ELocalStoreApp" name="bookCheckout" time="34.813"/>
</testsuite> <!-- Default test -->
