<?xml version="1.0" encoding="UTF-8"?>
<testsuite xmlns:xsi="http://www.w3.org/2001/XMLSchema-instance" xsi:noNamespaceSchemaLocation="https://maven.apache.org/surefire/maven-surefire-plugin/xsd/surefire-test-report-3.0.xsd" version="3.0" name="TestSuite" time="52.341" tests="3" errors="0" skipped="0" failures="0">
  <properties>
[...]
</properties>
  <testcase name="titleCheck" classname="com.mindtree.runner.ELocalStoreApp" time="0.499">
    <system-out><![CDATA[10-22-2021 12:55:28 Log.java INFO  [main] runner.ELocalStoreApp 11 -  Navigated to the expected page
]]></system-out>
    <system-err><![CDATA[Starting ChromeDriver 94.0.4606.41 (333e85df3c9b656b518b5f1add5ff246365b6c24-refs/branch-heads/4606@{#845}) on port 35093
Only local connections are allowed.
Please see https://chromedriver.chromium.org/security-considerations for suggestions on keeping ChromeDriver safe.
ChromeDriver was started successfully.
Oct 22, 2021 12:55:21 PM org.openqa.selenium.remote.ProtocolHandshake createSession
INFO: Detected dialect: W3C
]]></system-err>
  </testcase>
  <testcase name="loginCheck[asasas@gmail.com, asasas123](1)" classname="com.mindtree.runner.ELocalStoreApp" time="1.642">
    <system-out><![CDATA[10-22-2021 12:55:29 Log.java INFO  [main] runner.ELocalStoreApp 11 - Login Page appears succesfully
10-22-2021 12:55:29 Log.java ERROR [main] runner.ELocalStoreApp 19 - Login not successful
]]></system-out>
  </testcase>
  <testcase name="bookCheckout" classname="com.mindtree.runner.ELocalStoreApp" time="34.57">
    <system-out><![CDATA[10-22-2021 12:55:35 Log.java INFO  [main] runner.ELocalStoreApp 11 - The Values are accesed from the Excel sheet into SearchBox
10-22-2021 12:55:40 Log.java INFO  [main] runner.ELocalStoreApp 11 - The Desired book is selected
10-22-2021 12:55:40 Log.java INFO  [main] runner.ELocalStoreApp 11 - Price of product is Rs. 489.00
10-22-2021 12:56:05 Log.java INFO  [main] runner.ELocalStoreApp 11 - Checkout done with partial information and returned to homepage
]]></system-out>
  </testcase>
</testsuite>